============================= test session starts =============================
platform win32 -- Python 3.13.5, pytest-9.0.2, pluggy-1.6.0 -- C:\Program Files\Python313\python.exe
cachedir: .pytest_cache
rootdir: D:\Documents\GitHub\TechzazEDR_Dashboard\backend
plugins: anyio-4.12.1, asyncio-1.3.0
asyncio: mode=Mode.STRICT, debug=False, asyncio_default_fixture_loop_scope=None, asyncio_default_test_loop_scope=function
collecting ... collected 8 items

tests/test_admin.py::test_invite_user_success PASSED                     [ 12%]
tests/test_admin.py::test_invite_user_invalid_role PASSED                [ 25%]
tests/test_admin.py::test_change_role_not_found PASSED                   [ 37%]
tests/test_auth.py::test_get_current_user_success PASSED                 [ 50%]
tests/test_auth.py::test_get_current_user_missing_claims PASSED          [ 62%]
tests/test_auth.py::test_role_checker_allowed PASSED                     [ 75%]
tests/test_auth.py::test_role_checker_denied PASSED                      [ 87%]
tests/test_auth.py::test_get_current_user_revoked PASSED                 [100%]

============================== 8 passed in 0.95s ==============================
